node:events:486
      throw er; // Unhandled 'error' event
      ^

Error: listen EADDRINUSE: address already in use :::5002
    at Server.setupListenHandle [as _listen2] (node:net:1940:16)
    at listenInCluster (node:net:1997:12)
    at Server.listen (node:net:2102:7)
    at app.listen (/Users/shivamojha/Desktop/Test/form16-portal/node_modules/express/lib/application.js:635:24)
    at file:///Users/shivamojha/Desktop/Test/form16-portal/backend/src/server.js:62:5
    at ModuleJob.run (node:internal/modules/esm/module_job:371:25)
    at async onImport.tracePromise.__proto__ (node:internal/modules/esm/loader:683:26)
    at async asyncRunEntryPointWithESMLoader (node:internal/modules/run_main:101:5)
Emitted 'error' event on Server instance at:
    at emitErrorNT (node:net:1976:8)
    at process.processTicksAndRejections (node:internal/process/task_queues:90:21) {
  code: 'EADDRINUSE',
  errno: -48,
  syscall: 'listen',
  address: '::',
  port: 5002
}

Node.js v24.7.0
